[0.518s] Invoking command in '/home/jose/Documents/CS/robot_ws/src/my_robot_controller': PYTHONPATH=/home/jose/Documents/CS/robot_ws/build/my_robot_controller/prefix_override:/home/jose/Documents/CS/robot_ws/install/my_robot_controller/lib/python3.10/site-packages:${PYTHONPATH} /usr/bin/python3 setup.py egg_info --egg-base ../../build/my_robot_controller build --build-base /home/jose/Documents/CS/robot_ws/build/my_robot_controller/build install --record /home/jose/Documents/CS/robot_ws/build/my_robot_controller/install.log --single-version-externally-managed
[0.680s] running egg_info
[0.680s] writing ../../build/my_robot_controller/my_robot_controller.egg-info/PKG-INFO
[0.681s] writing dependency_links to ../../build/my_robot_controller/my_robot_controller.egg-info/dependency_links.txt
[0.681s] writing entry points to ../../build/my_robot_controller/my_robot_controller.egg-info/entry_points.txt
[0.681s] writing requirements to ../../build/my_robot_controller/my_robot_controller.egg-info/requires.txt
[0.681s] writing top-level names to ../../build/my_robot_controller/my_robot_controller.egg-info/top_level.txt
[0.682s] reading manifest file '../../build/my_robot_controller/my_robot_controller.egg-info/SOURCES.txt'
[0.683s] writing manifest file '../../build/my_robot_controller/my_robot_controller.egg-info/SOURCES.txt'
[0.683s] running build
[0.683s] running build_py
[0.683s] running install
[0.683s] running install_lib
[0.683s] running install_data
[0.684s] running install_egg_info
[0.685s] removing '/home/jose/Documents/CS/robot_ws/install/my_robot_controller/lib/python3.10/site-packages/my_robot_controller-0.0.0-py3.10.egg-info' (and everything under it)
[0.685s] Copying ../../build/my_robot_controller/my_robot_controller.egg-info to /home/jose/Documents/CS/robot_ws/install/my_robot_controller/lib/python3.10/site-packages/my_robot_controller-0.0.0-py3.10.egg-info
[0.686s] running install_scripts
[0.699s] Installing test_node script to /home/jose/Documents/CS/robot_ws/install/my_robot_controller/lib/my_robot_controller
[0.699s] writing list of installed files to '/home/jose/Documents/CS/robot_ws/build/my_robot_controller/install.log'
[0.713s] Invoked command in '/home/jose/Documents/CS/robot_ws/src/my_robot_controller' returned '0': PYTHONPATH=/home/jose/Documents/CS/robot_ws/build/my_robot_controller/prefix_override:/home/jose/Documents/CS/robot_ws/install/my_robot_controller/lib/python3.10/site-packages:${PYTHONPATH} /usr/bin/python3 setup.py egg_info --egg-base ../../build/my_robot_controller build --build-base /home/jose/Documents/CS/robot_ws/build/my_robot_controller/build install --record /home/jose/Documents/CS/robot_ws/build/my_robot_controller/install.log --single-version-externally-managed
