[0.469s] Invoking command in '/home/jose/Documents/CS/robot_ws/src/my_robot_controller': PYTHONPATH=/home/jose/Documents/CS/robot_ws/build/my_robot_controller/prefix_override:/home/jose/Documents/CS/robot_ws/install/my_robot_controller/lib/python3.10/site-packages:${PYTHONPATH} /usr/bin/python3 setup.py egg_info --egg-base ../../build/my_robot_controller build --build-base /home/jose/Documents/CS/robot_ws/build/my_robot_controller/build install --record /home/jose/Documents/CS/robot_ws/build/my_robot_controller/install.log --single-version-externally-managed
[0.631s] running egg_info
[0.631s] writing ../../build/my_robot_controller/my_robot_controller.egg-info/PKG-INFO
[0.631s] writing dependency_links to ../../build/my_robot_controller/my_robot_controller.egg-info/dependency_links.txt
[0.631s] writing entry points to ../../build/my_robot_controller/my_robot_controller.egg-info/entry_points.txt
[0.631s] writing requirements to ../../build/my_robot_controller/my_robot_controller.egg-info/requires.txt
[0.631s] writing top-level names to ../../build/my_robot_controller/my_robot_controller.egg-info/top_level.txt
[0.632s] reading manifest file '../../build/my_robot_controller/my_robot_controller.egg-info/SOURCES.txt'
[0.633s] writing manifest file '../../build/my_robot_controller/my_robot_controller.egg-info/SOURCES.txt'
[0.633s] running build
[0.633s] running build_py
[0.633s] running install
[0.633s] running install_lib
[0.634s] running install_data
[0.634s] running install_egg_info
[0.635s] removing '/home/jose/Documents/CS/robot_ws/install/my_robot_controller/lib/python3.10/site-packages/my_robot_controller-0.0.0-py3.10.egg-info' (and everything under it)
[0.635s] Copying ../../build/my_robot_controller/my_robot_controller.egg-info to /home/jose/Documents/CS/robot_ws/install/my_robot_controller/lib/python3.10/site-packages/my_robot_controller-0.0.0-py3.10.egg-info
[0.635s] running install_scripts
[0.647s] Installing test_node script to /home/jose/Documents/CS/robot_ws/install/my_robot_controller/lib/my_robot_controller
[0.647s] writing list of installed files to '/home/jose/Documents/CS/robot_ws/build/my_robot_controller/install.log'
[0.661s] Invoked command in '/home/jose/Documents/CS/robot_ws/src/my_robot_controller' returned '0': PYTHONPATH=/home/jose/Documents/CS/robot_ws/build/my_robot_controller/prefix_override:/home/jose/Documents/CS/robot_ws/install/my_robot_controller/lib/python3.10/site-packages:${PYTHONPATH} /usr/bin/python3 setup.py egg_info --egg-base ../../build/my_robot_controller build --build-base /home/jose/Documents/CS/robot_ws/build/my_robot_controller/build install --record /home/jose/Documents/CS/robot_ws/build/my_robot_controller/install.log --single-version-externally-managed
