[0.561s] Invoking command in '/home/jose/Documents/CS/robot_ws/src/my_robot_controller': PYTHONPATH=/home/jose/Documents/CS/robot_ws/build/my_robot_controller/prefix_override:/home/jose/Documents/CS/robot_ws/install/my_robot_controller/lib/python3.10/site-packages:${PYTHONPATH} /usr/bin/python3 setup.py egg_info --egg-base ../../build/my_robot_controller build --build-base /home/jose/Documents/CS/robot_ws/build/my_robot_controller/build install --record /home/jose/Documents/CS/robot_ws/build/my_robot_controller/install.log --single-version-externally-managed
[0.740s] running egg_info
[0.740s] writing ../../build/my_robot_controller/my_robot_controller.egg-info/PKG-INFO
[0.741s] writing dependency_links to ../../build/my_robot_controller/my_robot_controller.egg-info/dependency_links.txt
[0.741s] writing entry points to ../../build/my_robot_controller/my_robot_controller.egg-info/entry_points.txt
[0.741s] writing requirements to ../../build/my_robot_controller/my_robot_controller.egg-info/requires.txt
[0.741s] writing top-level names to ../../build/my_robot_controller/my_robot_controller.egg-info/top_level.txt
[0.742s] reading manifest file '../../build/my_robot_controller/my_robot_controller.egg-info/SOURCES.txt'
[0.747s] writing manifest file '../../build/my_robot_controller/my_robot_controller.egg-info/SOURCES.txt'
[0.748s] running build
[0.748s] running build_py
[0.748s] copying my_robot_controller/my_first_node.py -> /home/jose/Documents/CS/robot_ws/build/my_robot_controller/build/lib/my_robot_controller
[0.748s] running install
[0.748s] running install_lib
[0.748s] copying /home/jose/Documents/CS/robot_ws/build/my_robot_controller/build/lib/my_robot_controller/my_first_node.py -> /home/jose/Documents/CS/robot_ws/install/my_robot_controller/lib/python3.10/site-packages/my_robot_controller
[0.748s] byte-compiling /home/jose/Documents/CS/robot_ws/install/my_robot_controller/lib/python3.10/site-packages/my_robot_controller/my_first_node.py to my_first_node.cpython-310.pyc
[0.749s] running install_data
[0.749s] running install_egg_info
[0.750s] removing '/home/jose/Documents/CS/robot_ws/install/my_robot_controller/lib/python3.10/site-packages/my_robot_controller-0.0.0-py3.10.egg-info' (and everything under it)
[0.750s] Copying ../../build/my_robot_controller/my_robot_controller.egg-info to /home/jose/Documents/CS/robot_ws/install/my_robot_controller/lib/python3.10/site-packages/my_robot_controller-0.0.0-py3.10.egg-info
[0.751s] running install_scripts
[0.764s] Installing test_node script to /home/jose/Documents/CS/robot_ws/install/my_robot_controller/lib/my_robot_controller
[0.764s] writing list of installed files to '/home/jose/Documents/CS/robot_ws/build/my_robot_controller/install.log'
[0.780s] Invoked command in '/home/jose/Documents/CS/robot_ws/src/my_robot_controller' returned '0': PYTHONPATH=/home/jose/Documents/CS/robot_ws/build/my_robot_controller/prefix_override:/home/jose/Documents/CS/robot_ws/install/my_robot_controller/lib/python3.10/site-packages:${PYTHONPATH} /usr/bin/python3 setup.py egg_info --egg-base ../../build/my_robot_controller build --build-base /home/jose/Documents/CS/robot_ws/build/my_robot_controller/build install --record /home/jose/Documents/CS/robot_ws/build/my_robot_controller/install.log --single-version-externally-managed
