[0.506s] Invoking command in '/home/jose/Documents/CS/robot_ws/src/my_robot_controller': PYTHONPATH=/home/jose/Documents/CS/robot_ws/build/my_robot_controller/prefix_override:/home/jose/Documents/CS/robot_ws/install/my_robot_controller/lib/python3.10/site-packages:${PYTHONPATH} /usr/bin/python3 setup.py egg_info --egg-base ../../build/my_robot_controller build --build-base /home/jose/Documents/CS/robot_ws/build/my_robot_controller/build install --record /home/jose/Documents/CS/robot_ws/build/my_robot_controller/install.log --single-version-externally-managed
[0.669s] running egg_info
[0.670s] writing ../../build/my_robot_controller/my_robot_controller.egg-info/PKG-INFO
[0.670s] writing dependency_links to ../../build/my_robot_controller/my_robot_controller.egg-info/dependency_links.txt
[0.670s] writing entry points to ../../build/my_robot_controller/my_robot_controller.egg-info/entry_points.txt
[0.670s] writing requirements to ../../build/my_robot_controller/my_robot_controller.egg-info/requires.txt
[0.670s] writing top-level names to ../../build/my_robot_controller/my_robot_controller.egg-info/top_level.txt
[0.671s] reading manifest file '../../build/my_robot_controller/my_robot_controller.egg-info/SOURCES.txt'
[0.672s] writing manifest file '../../build/my_robot_controller/my_robot_controller.egg-info/SOURCES.txt'
[0.672s] running build
[0.672s] running build_py
[0.672s] copying my_robot_controller/my_first_node.py -> /home/jose/Documents/CS/robot_ws/build/my_robot_controller/build/lib/my_robot_controller
[0.672s] running install
[0.672s] running install_lib
[0.672s] copying /home/jose/Documents/CS/robot_ws/build/my_robot_controller/build/lib/my_robot_controller/my_first_node.py -> /home/jose/Documents/CS/robot_ws/install/my_robot_controller/lib/python3.10/site-packages/my_robot_controller
[0.673s] byte-compiling /home/jose/Documents/CS/robot_ws/install/my_robot_controller/lib/python3.10/site-packages/my_robot_controller/my_first_node.py to my_first_node.cpython-310.pyc
[0.673s] running install_data
[0.673s] running install_egg_info
[0.674s] removing '/home/jose/Documents/CS/robot_ws/install/my_robot_controller/lib/python3.10/site-packages/my_robot_controller-0.0.0-py3.10.egg-info' (and everything under it)
[0.674s] Copying ../../build/my_robot_controller/my_robot_controller.egg-info to /home/jose/Documents/CS/robot_ws/install/my_robot_controller/lib/python3.10/site-packages/my_robot_controller-0.0.0-py3.10.egg-info
[0.675s] running install_scripts
[0.687s] Installing test_node script to /home/jose/Documents/CS/robot_ws/install/my_robot_controller/lib/my_robot_controller
[0.687s] writing list of installed files to '/home/jose/Documents/CS/robot_ws/build/my_robot_controller/install.log'
[0.701s] Invoked command in '/home/jose/Documents/CS/robot_ws/src/my_robot_controller' returned '0': PYTHONPATH=/home/jose/Documents/CS/robot_ws/build/my_robot_controller/prefix_override:/home/jose/Documents/CS/robot_ws/install/my_robot_controller/lib/python3.10/site-packages:${PYTHONPATH} /usr/bin/python3 setup.py egg_info --egg-base ../../build/my_robot_controller build --build-base /home/jose/Documents/CS/robot_ws/build/my_robot_controller/build install --record /home/jose/Documents/CS/robot_ws/build/my_robot_controller/install.log --single-version-externally-managed
